# JRE version: OpenJDK Runtime Environment (21.0.8) (build 21.0.8+-14196175-b1038.72)
# Java VM: OpenJDK 64-Bit Server VM (21.0.8+-14196175-b1038.72, mixed mode, tiered, compressed oops, compressed class ptrs, g1 gc, windows-amd64)
GC Precious Log:
 CardTable entry size: 512
 Card Set container configuration: InlinePtr #cards 4 size 8 Array Of Cards #cards 16 size 48 Howl #buckets 8 coarsen threshold 3686 Howl Bitmap #cards 512 size 80 coarsen threshold 460 Card regions per heap region 1 cards per card region 4096
 CPUs: 12 total, 12 available
 Memory: 15569M
 Large Page Support: Disabled
 NUMA Support: Disabled
 Compressed Oops: Enabled (Zero based)
 Heap Region Size: 2M
 Heap Min Capacity: 8M
 Heap Initial Capacity: 8M
 Heap Max Capacity: 3894M
 Pre-touch: Disabled
 Parallel Workers: 10
 Concurrent Workers: 3
 Concurrent Refinement Workers: 10
 Periodic GC: Disabled
Heap:
 garbage-first heap   total 8192K, used 4876K [0x000000070ca00000, 0x0000000800000000)
  region size 2048K, 2 young (4096K), 1 survivors (2048K)
 Metaspace       used 10129K, committed 10368K, reserved 1114112K
  class space    used 1031K, committed 1152K, reserved 1048576K
GC Heap History (9 events):
Event: 0.322 GC heap before
{Heap before GC invocations=0 (full 0):
 garbage-first heap   total 8192K, used 0K [0x000000070ca00000, 0x0000000800000000)
  region size 2048K, 1 young (2048K), 0 survivors (0K)
 Metaspace       used 6764K, committed 6912K, reserved 1114112K
  class space    used 627K, committed 704K, reserved 1048576K
}
Event: 0.325 GC heap after
{Heap after GC invocations=1 (full 0):
 garbage-first heap   total 8192K, used 960K [0x000000070ca00000, 0x0000000800000000)
  region size 2048K, 1 young (2048K), 1 survivors (2048K)
 Metaspace       used 6764K, committed 6912K, reserved 1114112K
  class space    used 627K, committed 704K, reserved 1048576K
}
Event: 0.414 GC heap before
{Heap before GC invocations=1 (full 0):
 garbage-first heap   total 8192K, used 3008K [0x000000070ca00000, 0x0000000800000000)
  region size 2048K, 2 young (4096K), 1 survivors (2048K)
 Metaspace       used 8144K, committed 8320K, reserved 1114112K
  class space    used 791K, committed 896K, reserved 1048576K
}
Event: 0.417 GC heap after
{Heap after GC invocations=2 (full 0):
 garbage-first heap   total 8192K, used 1086K [0x000000070ca00000, 0x0000000800000000)
  region size 2048K, 1 young (2048K), 1 survivors (2048K)
 Metaspace       used 8144K, committed 8320K, reserved 1114112K
  class space    used 791K, committed 896K, reserved 1048576K
}
Event: 0.498 GC heap before
{Heap before GC invocations=2 (full 0):
 garbage-first heap   total 8192K, used 3134K [0x000000070ca00000, 0x0000000800000000)
  region size 2048K, 2 young (4096K), 1 survivors (2048K)
 Metaspace       used 9502K, committed 9728K, reserved 1114112K
  class space    used 941K, committed 1024K, reserved 1048576K
}
Event: 0.501 GC heap after
{Heap after GC invocations=3 (full 0):
 garbage-first heap   total 8192K, used 1796K [0x000000070ca00000, 0x0000000800000000)
  region size 2048K, 1 young (2048K), 1 survivors (2048K)
 Metaspace       used 9502K, committed 9728K, reserved 1114112K
  class space    used 941K, committed 1024K, reserved 1048576K
}
Event: 0.547 GC heap before
{Heap before GC invocations=3 (full 0):
 garbage-first heap   total 8192K, used 3844K [0x000000070ca00000, 0x0000000800000000)
  region size 2048K, 2 young (4096K), 1 survivors (2048K)
 Metaspace       used 9900K, committed 10112K, reserved 1114112K
  class space    used 996K, committed 1088K, reserved 1048576K
}
Event: 0.551 GC heap after
{Heap after GC invocations=4 (full 0):
 garbage-first heap   total 8192K, used 2828K [0x000000070ca00000, 0x0000000800000000)
  region size 2048K, 1 young (2048K), 1 survivors (2048K)
 Metaspace       used 9900K, committed 10112K, reserved 1114112K
  class space    used 996K, committed 1088K, reserved 1048576K
}
Event: 0.597 GC heap before
{Heap before GC invocations=4 (full 0):
 garbage-first heap   total 8192K, used 4876K [0x000000070ca00000, 0x0000000800000000)
  region size 2048K, 2 young (4096K), 1 survivors (2048K)
 Metaspace       used 10129K, committed 10368K, reserved 1114112K
  class space    used 1031K, committed 1152K, reserved 1048576K
}

